[  0%] Built target _niryo_one_msgs_generate_messages_check_deps_DebugColorDetection
[  0%] Built target _niryo_one_msgs_generate_messages_check_deps_EditWorkspace
[  0%] Built target _niryo_one_msgs_generate_messages_check_deps_TakePicture
[  0%] Built target _niryo_one_msgs_generate_messages_check_deps_DebugMarkers
[  0%] Built target _niryo_one_msgs_generate_messages_check_deps_UpdateConveyorId
[  0%] Built target _niryo_one_msgs_generate_messages_check_deps_GetWorkspaceRobotPoses
[  0%] Built target _niryo_one_msgs_generate_messages_check_deps_GetTargetPose
[  0%] Built target _niryo_one_msgs_generate_messages_check_deps_ControlConveyor
[  0%] Built target _niryo_one_msgs_generate_messages_check_deps_SetConveyor
[  0%] Built target _niryo_one_msgs_generate_messages_check_deps_ManageTrajectory
[  0%] Built target _niryo_one_msgs_generate_messages_check_deps_GetWorkspaceList
[  0%] Built target sensor_msgs_generate_messages_nodejs
[  0%] Built target _niryo_one_msgs_generate_messages_check_deps_ProcessState
[  0%] Built target _niryo_one_msgs_generate_messages_check_deps_ChangeMotorConfig
[  0%] Built target _niryo_one_msgs_generate_messages_check_deps_SetString
[  0%] Built target _niryo_one_msgs_generate_messages_check_deps_GetWorkspaceRatio
[  0%] Built target _niryo_one_msgs_generate_messages_check_deps_JoystickJointsActionResult
[  0%] Built target _niryo_one_msgs_generate_messages_check_deps_TrajectoryPlan
[  0%] Built target _niryo_one_msgs_generate_messages_check_deps_SequenceActionResult
[  0%] Built target _niryo_one_msgs_generate_messages_check_deps_RobotMoveCommand
[  0%] Built target _niryo_one_msgs_generate_messages_check_deps_LogStatus
[  0%] Built target _niryo_one_msgs_generate_messages_check_deps_SequenceResult
[  0%] Built target _niryo_one_msgs_generate_messages_check_deps_ChangeHardwareVersion
[  0%] Built target actionlib_msgs_generate_messages_nodejs
[  0%] Built target moveit_msgs_generate_messages_nodejs
[  0%] Built target geometry_msgs_generate_messages_nodejs
[  0%] Built target _niryo_one_msgs_generate_messages_check_deps_SetSequenceAutorun
[  0%] Built target _niryo_one_msgs_generate_messages_check_deps_ToolActionResult
[  0%] Built target _niryo_one_msgs_generate_messages_check_deps_RobotMoveActionResult
[  0%] Built target _niryo_one_msgs_generate_messages_check_deps_GetDigitalIO
[  0%] Built target _niryo_one_msgs_generate_messages_check_deps_HardwareStatus
[  0%] Built target _niryo_one_msgs_generate_messages_check_deps_ToolActionGoal
[  0%] Built target _niryo_one_msgs_generate_messages_check_deps_ToolAction
[  0%] Built target _niryo_one_msgs_generate_messages_check_deps_EditGrip
[  0%] Built target _niryo_one_msgs_generate_messages_check_deps_ToolResult
[  0%] Built target _niryo_one_msgs_generate_messages_check_deps_SetCalibrationCam
[  0%] Built target _niryo_one_msgs_generate_messages_check_deps_ToolCommand
[  0%] Built target _niryo_one_msgs_generate_messages_check_deps_OpenGripper
[  0%] Built target _niryo_one_msgs_generate_messages_check_deps_ObjectPose
[  0%] Built target _niryo_one_msgs_generate_messages_check_deps_RobotMove
[  0%] Built target _niryo_one_msgs_generate_messages_check_deps_ToolActionFeedback
[  0%] Built target _niryo_one_msgs_generate_messages_check_deps_RobotMoveActionFeedback
[  0%] Built target _niryo_one_msgs_generate_messages_check_deps_GetTrajectoryList
[  0%] Built target _niryo_one_msgs_generate_messages_check_deps_RobotState
[  0%] Built target _niryo_one_msgs_generate_messages_check_deps_ShiftPose
[  0%] Built target _niryo_one_msgs_generate_messages_check_deps_ManageSequence
[  0%] Built target std_msgs_generate_messages_nodejs
[  0%] Built target _niryo_one_msgs_generate_messages_check_deps_JoystickJointsResult
[  0%] Built target _niryo_one_msgs_generate_messages_check_deps_SequenceActionGoal
[  0%] Built target _niryo_one_msgs_generate_messages_check_deps_RobotMoveActionGoal
[  0%] Built target _niryo_one_msgs_generate_messages_check_deps_ToolGoal
[  0%] Built target _niryo_one_msgs_generate_messages_check_deps_GetCalibrationCam
[  0%] Built target _niryo_one_msgs_generate_messages_check_deps_SendCustomDxlValue
[  0%] Built target _niryo_one_msgs_generate_messages_check_deps_ObjDetection
[  0%] Built target _niryo_one_msgs_generate_messages_check_deps_SetLeds
[  0%] Built target _niryo_one_msgs_generate_messages_check_deps_JoystickJointsAction
[  0%] Built target _niryo_one_msgs_generate_messages_check_deps_PullAirVacuumPump
[  0%] Built target _niryo_one_msgs_generate_messages_check_deps_Sequence
[  0%] Built target _niryo_one_msgs_generate_messages_check_deps_RPY
[  0%] Built target _niryo_one_msgs_generate_messages_check_deps_Position
[  0%] Built target _niryo_one_msgs_generate_messages_check_deps_DigitalIOState
[  0%] Built target _niryo_one_msgs_generate_messages_check_deps_SequenceFeedback
[  0%] Built target _niryo_one_msgs_generate_messages_check_deps_Trajectory
[  0%] Built target _niryo_one_msgs_generate_messages_check_deps_MatlabMoveResult
[  0%] Built target _niryo_one_msgs_generate_messages_check_deps_JoystickJointsActionGoal
[  0%] Built target _niryo_one_msgs_generate_messages_check_deps_JoystickJointsActionFeedback
[  0%] Built target _niryo_one_msgs_generate_messages_check_deps_JoystickJointsGoal
[  0%] Built target _niryo_one_msgs_generate_messages_check_deps_RobotMoveAction
[  0%] Built target _niryo_one_msgs_generate_messages_check_deps_RobotMoveFeedback
[  0%] Built target _niryo_one_msgs_generate_messages_check_deps_RobotMoveResult
[  0%] Built target _niryo_one_msgs_generate_messages_check_deps_RobotMoveGoal
[  0%] Built target _niryo_one_msgs_generate_messages_check_deps_JoystickJointsFeedback
[  0%] Built target _niryo_one_msgs_generate_messages_check_deps_ToolFeedback
[  0%] Built target _niryo_one_msgs_generate_messages_check_deps_ConveyorFeedback
[  0%] Built target _niryo_one_msgs_generate_messages_check_deps_GetSequenceList
[  0%] Built target _niryo_one_msgs_generate_messages_check_deps_SoftwareVersion
[  0%] Built target _niryo_one_msgs_generate_messages_check_deps_SequenceAction
[  0%] Built target _niryo_one_msgs_generate_messages_check_deps_SequenceActionFeedback
[  0%] Built target _niryo_one_msgs_generate_messages_check_deps_SequenceGoal
[  0%] Built target _niryo_one_msgs_generate_messages_check_deps_SetInt
[  0%] Built target _niryo_one_msgs_generate_messages_check_deps_ManageProcess
[  0%] Built target _niryo_one_msgs_generate_messages_check_deps_PingDxlTool
[  0%] Built target _niryo_one_msgs_generate_messages_check_deps_CloseGripper
[  0%] Built target _niryo_one_msgs_generate_messages_check_deps_GetInt
[  0%] Built target _niryo_one_msgs_generate_messages_check_deps_SequenceAutorunStatus
[  0%] Built target _niryo_one_msgs_generate_messages_check_deps_PushAirVacuumPump
[  0%] Built target sensor_msgs_generate_messages_py
[  0%] Built target _niryo_one_msgs_generate_messages_check_deps_SetDigitalIO
[  0%] Built target geometry_msgs_generate_messages_py
[  0%] Built target moveit_msgs_generate_messages_py
[  0%] Built target actionlib_msgs_generate_messages_py
[  0%] Built target std_msgs_generate_messages_py
[  0%] Built target actionlib_msgs_generate_messages_lisp
[  0%] Built target sensor_msgs_generate_messages_lisp
[  0%] Built target geometry_msgs_generate_messages_lisp
[  0%] Built target _niryo_one_msgs_generate_messages_check_deps_ManagePosition
[  0%] Built target _niryo_one_msgs_generate_messages_check_deps_GetPositionList
[  0%] Built target moveit_msgs_generate_messages_eus
[  0%] Built target moveit_msgs_generate_messages_lisp
[  0%] Built target std_msgs_generate_messages_lisp
[  0%] Built target sensor_msgs_generate_messages_eus
[  0%] Built target std_msgs_generate_messages_eus
[  0%] Built target sensor_msgs_generate_messages_cpp
[  0%] Built target actionlib_msgs_generate_messages_eus
[  0%] Built target std_msgs_generate_messages_cpp
[  0%] Built target geometry_msgs_generate_messages_eus
[  0%] Built target geometry_msgs_generate_messages_cpp
[  0%] Built target actionlib_msgs_generate_messages_cpp
[  0%] Built target moveit_msgs_generate_messages_cpp
[ 20%] Built target niryo_one_msgs_generate_messages_nodejs
[ 40%] Built target niryo_one_msgs_generate_messages_py
[ 59%] Built target niryo_one_msgs_generate_messages_lisp
[ 79%] Built target niryo_one_msgs_generate_messages_eus
[100%] Built target niryo_one_msgs_generate_messages_cpp
[100%] Built target niryo_one_msgs_generate_messages
