Symlinking /home/pparekh/Documents/4998/robotManipResearch/workspace/devel/share/p_grab/cmake/p_grabConfig-version.cmake
Symlinking /home/pparekh/Documents/4998/robotManipResearch/workspace/devel/share/p_grab/cmake/p_grabConfig.cmake
Symlinking /home/pparekh/Documents/4998/robotManipResearch/workspace/devel/lib/p_grab/cmake.lock
Symlinking /home/pparekh/Documents/4998/robotManipResearch/workspace/devel/lib/p_grab/pointcloud_republisher.py
Symlinking /home/pparekh/Documents/4998/robotManipResearch/workspace/devel/lib/pkgconfig/p_grab.pc
Cleaning: (/home/andrew/robotManipResearch/workspace/devel/.private/p_grab/cmake.lock, /home/andrew/robotManipResearch/workspace/devel/./cmake.lock)
Cleaning: (/home/andrew/robotManipResearch/workspace/devel/.private/p_grab/share/p_grab/cmake/p_grabConfig.cmake, /home/andrew/robotManipResearch/workspace/devel/share/p_grab/cmake/p_grabConfig.cmake)
Cleaning: (/home/andrew/robotManipResearch/workspace/devel/.private/p_grab/share/p_grab/cmake/p_grabConfig-version.cmake, /home/andrew/robotManipResearch/workspace/devel/share/p_grab/cmake/p_grabConfig-version.cmake)
Cleaning: (/home/andrew/robotManipResearch/workspace/devel/.private/p_grab/lib/pkgconfig/p_grab.pc, /home/andrew/robotManipResearch/workspace/devel/lib/pkgconfig/p_grab.pc)
Cleaning: (/home/andrew/robotManipResearch/workspace/devel/.private/p_grab/lib/p_grab/pointcloud_republisher.py, /home/andrew/robotManipResearch/workspace/devel/lib/p_grab/pointcloud_republisher.py)
Cleaning: (/home/andrew/robotManipResearch/workspace/devel/.private/p_grab/lib/p_grab/cmake.lock, /home/andrew/robotManipResearch/workspace/devel/lib/p_grab/cmake.lock)
Unlinking: /home/andrew/robotManipResearch/workspace/devel/share/p_grab/cmake/p_grabConfig.cmake
Already unlinked: {}
Unlinking: /home/andrew/robotManipResearch/workspace/devel/share/p_grab/cmake/p_grabConfig-version.cmake
Already unlinked: {}
Unlinking: /home/andrew/robotManipResearch/workspace/devel/lib/pkgconfig/p_grab.pc
Already unlinked: {}
Unlinking: /home/andrew/robotManipResearch/workspace/devel/lib/p_grab/pointcloud_republisher.py
Already unlinked: {}
Unlinking: /home/andrew/robotManipResearch/workspace/devel/lib/p_grab/cmake.lock
Already unlinked: {}
