Not searching for unused variables given on the command line.
[36m--[0m The C compiler identification is GNU 9.4.0
[36m--[0m The CXX compiler identification is GNU 9.4.0
[36m--[0m Check for working C compiler: /usr/bin/cc
[36m--[0m Check for working C compiler: /usr/bin/cc -- works
[36m--[0m Detecting C compiler ABI info
[36m--[0m Detecting C compiler ABI info - done
[36m--[0m Detecting C compile features
[36m--[0m Detecting C compile features - done
[36m--[0m Check for working CXX compiler: /usr/bin/c++
[36m--[0m Check for working CXX compiler: /usr/bin/c++ -- works
[36m--[0m Detecting CXX compiler ABI info
[36m--[0m Detecting CXX compiler ABI info - done
[36m--[0m Detecting CXX compile features
[36m--[0m Detecting CXX compile features - done
[36m--[0m Using CATKIN_DEVEL_PREFIX: /home/pparekh/Documents/4998/robotManipResearch/workspace/devel/.private/niryo_one_driver
[36m--[0m Using CMAKE_PREFIX_PATH: /home/pparekh/Documents/4998/robotManipResearch/workspace/devel;/opt/ros/noetic;/home/pparekh/osu-uwrt/dependencies/install/plankton;/home/pparekh/osu-uwrt/dependencies/install/uuv_simulator;/home/pparekh/osu-uwrt/dependencies/install/uuv_world_ros_plugins;/home/pparekh/osu-uwrt/dependencies/install/uuv_tutorials;/home/pparekh/osu-uwrt/dependencies/install/uuv_tutorial_dp_controller;/home/pparekh/osu-uwrt/dependencies/install/uuv_tutorial_disturbances;/home/pparekh/osu-uwrt/dependencies/install/uuv_control_utils;/home/pparekh/osu-uwrt/dependencies/install/uuv_world_ros_plugins_msgs;/home/pparekh/osu-uwrt/dependencies/install/uuv_world_plugins;/home/pparekh/osu-uwrt/dependencies/install/uuv_tutorial_seabed_world;/home/pparekh/osu-uwrt/dependencies/install/uuv_trajectory_control;/home/pparekh/osu-uwrt/dependencies/install/uuv_teleop;/home/pparekh/osu-uwrt/dependencies/install/uuv_thruster_manager;/home/pparekh/osu-uwrt/dependencies/install/uuv_descriptions;/home/pparekh/osu-uwrt/dependencies/install/uuv_sensor_ros_plugins;/home/pparekh/osu-uwrt/dependencies/install/uuv_sensor_ros_plugins_msgs;/home/pparekh/osu-uwrt/dependencies/install/uuv_gazebo_worlds;/home/pparekh/osu-uwrt/dependencies/install/uuv_gazebo_ros_plugins;/home/pparekh/osu-uwrt/dependencies/install/uuv_gazebo_ros_plugins_msgs;/home/pparekh/osu-uwrt/dependencies/install/uuv_gazebo_plugins;/home/pparekh/osu-uwrt/dependencies/install/uuv_gazebo;/home/pparekh/osu-uwrt/dependencies/install/uuv_control_msgs;/home/pparekh/osu-uwrt/dependencies/install/uuv_control_cascaded_pid;/home/pparekh/osu-uwrt/dependencies/install/uuv_auv_control_allocator;/home/pparekh/osu-uwrt/dependencies/install/uuv_assistants;/home/pparekh/osu-uwrt/dependencies/install/image_pipeline;/home/pparekh/osu-uwrt/dependencies/install/stereo_image_proc;/home/pparekh/osu-uwrt/dependencies/install/plankton_utils;/home/pparekh/osu-uwrt/dependencies/install/nortek_dvl;/home/pparekh/osu-uwrt/dependencies/install/mynteye_wrapper_d;/home/pparekh/osu-uwrt/dependencies/install/mynteyed;/home/pparekh/osu-uwrt/dependencies/install/microstrain_inertial_examples;/home/pparekh/osu-uwrt/dependencies/install/microstrain_inertial_driver;/home/pparekh/osu-uwrt/dependencies/install/microstrain_inertial_msgs;/home/pparekh/osu-uwrt/dependencies/install/micro_ros_setup;/home/pparekh/osu-uwrt/dependencies/install/micro_ros_msgs;/home/pparekh/osu-uwrt/dependencies/install/image_view;/home/pparekh/osu-uwrt/dependencies/install/image_rotate;/home/pparekh/osu-uwrt/dependencies/install/image_publisher;/home/pparekh/osu-uwrt/dependencies/install/image_proc;/home/pparekh/osu-uwrt/dependencies/install/depth_image_proc
[36m--[0m This workspace overlays: /home/pparekh/Documents/4998/robotManipResearch/workspace/devel;/opt/ros/noetic
[36m--[0m Found PythonInterp: /usr/bin/python3 (found suitable version "3.8.10", minimum required is "3")
[36m--[0m Using PYTHON_EXECUTABLE: /usr/bin/python3
[36m--[0m Using Debian Python package layout
[36m--[0m Found PY_em: /usr/lib/python3/dist-packages/em.py
[36m--[0m Using empy: /usr/lib/python3/dist-packages/em.py
[36m--[0m Using CATKIN_ENABLE_TESTING: ON
[36m--[0m Call enable_testing()
[36m--[0m Using CATKIN_TEST_RESULTS_DIR: /home/pparekh/Documents/4998/robotManipResearch/workspace/build/niryo_one_driver/test_results
[36m--[0m Forcing gtest/gmock from source, though one was otherwise available.
[36m--[0m Found gtest sources under '/usr/src/googletest': gtests will be built
[36m--[0m Found gmock sources under '/usr/src/googletest': gmock will be built
[36m--[0m Found PythonInterp: /usr/bin/python3 (found version "3.8.10")
[36m--[0m Found Threads: TRUE
[36m--[0m Using Python nosetests: /usr/bin/nosetests3
[36m--[0m catkin 0.8.10
[36m--[0m BUILD_SHARED_LIBS is on
[36m--[0m Using these message generators: gencpp;geneus;genlisp;gennodejs;genpy
[36m--[0m Found Boost: /usr/lib/x86_64-linux-gnu/cmake/Boost-1.71.0/BoostConfig.cmake (found version "1.71.0") found components: system
[36m--[0m Architecture: x86_64
[36m--[0m wiringPi library not required
[36m--[0m Configuring done
CMake Warning (dev) at CMakeLists.txt:77 (add_dependencies):
  Policy CMP0046 is not set: Error on non-existent dependency in
  add_dependencies.  Run "cmake --help-policy CMP0046" for policy details.
  Use the cmake_policy command to set the policy and suppress this warning.

  The dependency target "niryo_one_msgs_gencpp" of target "niryo_one_driver"
  does not exist.
This warning is for project developers.  Use -Wno-dev to suppress it.

[36m--[0m Generating done
[36m--[0m Build files have been written to: /home/pparekh/Documents/4998/robotManipResearch/workspace/build/niryo_one_driver
