Linked: (/home/andrew/robotManipResearch/workspace/devel/.private/gpd_ros/share/gennodejs/ros/gpd_ros/_index.js, /home/andrew/robotManipResearch/workspace/devel/share/gennodejs/ros/gpd_ros/_index.js)
Linked: (/home/andrew/robotManipResearch/workspace/devel/.private/gpd_ros/share/gennodejs/ros/gpd_ros/srv/detect_grasps.js, /home/andrew/robotManipResearch/workspace/devel/share/gennodejs/ros/gpd_ros/srv/detect_grasps.js)
Linked: (/home/andrew/robotManipResearch/workspace/devel/.private/gpd_ros/share/gennodejs/ros/gpd_ros/srv/_index.js, /home/andrew/robotManipResearch/workspace/devel/share/gennodejs/ros/gpd_ros/srv/_index.js)
Linked: (/home/andrew/robotManipResearch/workspace/devel/.private/gpd_ros/share/gennodejs/ros/gpd_ros/msg/GraspConfig.js, /home/andrew/robotManipResearch/workspace/devel/share/gennodejs/ros/gpd_ros/msg/GraspConfig.js)
Linked: (/home/andrew/robotManipResearch/workspace/devel/.private/gpd_ros/share/gennodejs/ros/gpd_ros/msg/SamplesMsg.js, /home/andrew/robotManipResearch/workspace/devel/share/gennodejs/ros/gpd_ros/msg/SamplesMsg.js)
Linked: (/home/andrew/robotManipResearch/workspace/devel/.private/gpd_ros/share/gennodejs/ros/gpd_ros/msg/CloudIndexed.js, /home/andrew/robotManipResearch/workspace/devel/share/gennodejs/ros/gpd_ros/msg/CloudIndexed.js)
Linked: (/home/andrew/robotManipResearch/workspace/devel/.private/gpd_ros/share/gennodejs/ros/gpd_ros/msg/CloudSources.js, /home/andrew/robotManipResearch/workspace/devel/share/gennodejs/ros/gpd_ros/msg/CloudSources.js)
Linked: (/home/andrew/robotManipResearch/workspace/devel/.private/gpd_ros/share/gennodejs/ros/gpd_ros/msg/_index.js, /home/andrew/robotManipResearch/workspace/devel/share/gennodejs/ros/gpd_ros/msg/_index.js)
Linked: (/home/andrew/robotManipResearch/workspace/devel/.private/gpd_ros/share/gennodejs/ros/gpd_ros/msg/GraspConfigList.js, /home/andrew/robotManipResearch/workspace/devel/share/gennodejs/ros/gpd_ros/msg/GraspConfigList.js)
Linked: (/home/andrew/robotManipResearch/workspace/devel/.private/gpd_ros/share/gennodejs/ros/gpd_ros/msg/CloudSamples.js, /home/andrew/robotManipResearch/workspace/devel/share/gennodejs/ros/gpd_ros/msg/CloudSamples.js)
Linked: (/home/andrew/robotManipResearch/workspace/devel/.private/gpd_ros/share/gpd_ros/cmake/gpd_rosConfig.cmake, /home/andrew/robotManipResearch/workspace/devel/share/gpd_ros/cmake/gpd_rosConfig.cmake)
Linked: (/home/andrew/robotManipResearch/workspace/devel/.private/gpd_ros/share/gpd_ros/cmake/gpd_rosConfig-version.cmake, /home/andrew/robotManipResearch/workspace/devel/share/gpd_ros/cmake/gpd_rosConfig-version.cmake)
Linked: (/home/andrew/robotManipResearch/workspace/devel/.private/gpd_ros/share/gpd_ros/cmake/gpd_ros-msg-extras.cmake, /home/andrew/robotManipResearch/workspace/devel/share/gpd_ros/cmake/gpd_ros-msg-extras.cmake)
Linked: (/home/andrew/robotManipResearch/workspace/devel/.private/gpd_ros/share/gpd_ros/cmake/gpd_ros-msg-paths.cmake, /home/andrew/robotManipResearch/workspace/devel/share/gpd_ros/cmake/gpd_ros-msg-paths.cmake)
Linked: (/home/andrew/robotManipResearch/workspace/devel/.private/gpd_ros/share/roseus/ros/gpd_ros/manifest.l, /home/andrew/robotManipResearch/workspace/devel/share/roseus/ros/gpd_ros/manifest.l)
Linked: (/home/andrew/robotManipResearch/workspace/devel/.private/gpd_ros/share/roseus/ros/gpd_ros/srv/detect_grasps.l, /home/andrew/robotManipResearch/workspace/devel/share/roseus/ros/gpd_ros/srv/detect_grasps.l)
Linked: (/home/andrew/robotManipResearch/workspace/devel/.private/gpd_ros/share/roseus/ros/gpd_ros/msg/CloudSources.l, /home/andrew/robotManipResearch/workspace/devel/share/roseus/ros/gpd_ros/msg/CloudSources.l)
Linked: (/home/andrew/robotManipResearch/workspace/devel/.private/gpd_ros/share/roseus/ros/gpd_ros/msg/GraspConfigList.l, /home/andrew/robotManipResearch/workspace/devel/share/roseus/ros/gpd_ros/msg/GraspConfigList.l)
Linked: (/home/andrew/robotManipResearch/workspace/devel/.private/gpd_ros/share/roseus/ros/gpd_ros/msg/GraspConfig.l, /home/andrew/robotManipResearch/workspace/devel/share/roseus/ros/gpd_ros/msg/GraspConfig.l)
Linked: (/home/andrew/robotManipResearch/workspace/devel/.private/gpd_ros/share/roseus/ros/gpd_ros/msg/CloudIndexed.l, /home/andrew/robotManipResearch/workspace/devel/share/roseus/ros/gpd_ros/msg/CloudIndexed.l)
Linked: (/home/andrew/robotManipResearch/workspace/devel/.private/gpd_ros/share/roseus/ros/gpd_ros/msg/CloudSamples.l, /home/andrew/robotManipResearch/workspace/devel/share/roseus/ros/gpd_ros/msg/CloudSamples.l)
Linked: (/home/andrew/robotManipResearch/workspace/devel/.private/gpd_ros/share/roseus/ros/gpd_ros/msg/SamplesMsg.l, /home/andrew/robotManipResearch/workspace/devel/share/roseus/ros/gpd_ros/msg/SamplesMsg.l)
Linked: (/home/andrew/robotManipResearch/workspace/devel/.private/gpd_ros/share/common-lisp/ros/gpd_ros/srv/_package.lisp, /home/andrew/robotManipResearch/workspace/devel/share/common-lisp/ros/gpd_ros/srv/_package.lisp)
Linked: (/home/andrew/robotManipResearch/workspace/devel/.private/gpd_ros/share/common-lisp/ros/gpd_ros/srv/detect_grasps.lisp, /home/andrew/robotManipResearch/workspace/devel/share/common-lisp/ros/gpd_ros/srv/detect_grasps.lisp)
Linked: (/home/andrew/robotManipResearch/workspace/devel/.private/gpd_ros/share/common-lisp/ros/gpd_ros/srv/_package_detect_grasps.lisp, /home/andrew/robotManipResearch/workspace/devel/share/common-lisp/ros/gpd_ros/srv/_package_detect_grasps.lisp)
Linked: (/home/andrew/robotManipResearch/workspace/devel/.private/gpd_ros/share/common-lisp/ros/gpd_ros/srv/gpd_ros-srv.asd, /home/andrew/robotManipResearch/workspace/devel/share/common-lisp/ros/gpd_ros/srv/gpd_ros-srv.asd)
Linked: (/home/andrew/robotManipResearch/workspace/devel/.private/gpd_ros/share/common-lisp/ros/gpd_ros/msg/_package_CloudIndexed.lisp, /home/andrew/robotManipResearch/workspace/devel/share/common-lisp/ros/gpd_ros/msg/_package_CloudIndexed.lisp)
Linked: (/home/andrew/robotManipResearch/workspace/devel/.private/gpd_ros/share/common-lisp/ros/gpd_ros/msg/GraspConfig.lisp, /home/andrew/robotManipResearch/workspace/devel/share/common-lisp/ros/gpd_ros/msg/GraspConfig.lisp)
Linked: (/home/andrew/robotManipResearch/workspace/devel/.private/gpd_ros/share/common-lisp/ros/gpd_ros/msg/_package.lisp, /home/andrew/robotManipResearch/workspace/devel/share/common-lisp/ros/gpd_ros/msg/_package.lisp)
Linked: (/home/andrew/robotManipResearch/workspace/devel/.private/gpd_ros/share/common-lisp/ros/gpd_ros/msg/_package_CloudSources.lisp, /home/andrew/robotManipResearch/workspace/devel/share/common-lisp/ros/gpd_ros/msg/_package_CloudSources.lisp)
Linked: (/home/andrew/robotManipResearch/workspace/devel/.private/gpd_ros/share/common-lisp/ros/gpd_ros/msg/GraspConfigList.lisp, /home/andrew/robotManipResearch/workspace/devel/share/common-lisp/ros/gpd_ros/msg/GraspConfigList.lisp)
Linked: (/home/andrew/robotManipResearch/workspace/devel/.private/gpd_ros/share/common-lisp/ros/gpd_ros/msg/_package_CloudSamples.lisp, /home/andrew/robotManipResearch/workspace/devel/share/common-lisp/ros/gpd_ros/msg/_package_CloudSamples.lisp)
Linked: (/home/andrew/robotManipResearch/workspace/devel/.private/gpd_ros/share/common-lisp/ros/gpd_ros/msg/CloudSamples.lisp, /home/andrew/robotManipResearch/workspace/devel/share/common-lisp/ros/gpd_ros/msg/CloudSamples.lisp)
Linked: (/home/andrew/robotManipResearch/workspace/devel/.private/gpd_ros/share/common-lisp/ros/gpd_ros/msg/_package_GraspConfigList.lisp, /home/andrew/robotManipResearch/workspace/devel/share/common-lisp/ros/gpd_ros/msg/_package_GraspConfigList.lisp)
Linked: (/home/andrew/robotManipResearch/workspace/devel/.private/gpd_ros/share/common-lisp/ros/gpd_ros/msg/SamplesMsg.lisp, /home/andrew/robotManipResearch/workspace/devel/share/common-lisp/ros/gpd_ros/msg/SamplesMsg.lisp)
Linked: (/home/andrew/robotManipResearch/workspace/devel/.private/gpd_ros/share/common-lisp/ros/gpd_ros/msg/CloudSources.lisp, /home/andrew/robotManipResearch/workspace/devel/share/common-lisp/ros/gpd_ros/msg/CloudSources.lisp)
Linked: (/home/andrew/robotManipResearch/workspace/devel/.private/gpd_ros/share/common-lisp/ros/gpd_ros/msg/_package_GraspConfig.lisp, /home/andrew/robotManipResearch/workspace/devel/share/common-lisp/ros/gpd_ros/msg/_package_GraspConfig.lisp)
Linked: (/home/andrew/robotManipResearch/workspace/devel/.private/gpd_ros/share/common-lisp/ros/gpd_ros/msg/_package_SamplesMsg.lisp, /home/andrew/robotManipResearch/workspace/devel/share/common-lisp/ros/gpd_ros/msg/_package_SamplesMsg.lisp)
Linked: (/home/andrew/robotManipResearch/workspace/devel/.private/gpd_ros/share/common-lisp/ros/gpd_ros/msg/CloudIndexed.lisp, /home/andrew/robotManipResearch/workspace/devel/share/common-lisp/ros/gpd_ros/msg/CloudIndexed.lisp)
Linked: (/home/andrew/robotManipResearch/workspace/devel/.private/gpd_ros/share/common-lisp/ros/gpd_ros/msg/gpd_ros-msg.asd, /home/andrew/robotManipResearch/workspace/devel/share/common-lisp/ros/gpd_ros/msg/gpd_ros-msg.asd)
Linked: (/home/andrew/robotManipResearch/workspace/devel/.private/gpd_ros/include/gpd_ros/detect_graspsResponse.h, /home/andrew/robotManipResearch/workspace/devel/include/gpd_ros/detect_graspsResponse.h)
Linked: (/home/andrew/robotManipResearch/workspace/devel/.private/gpd_ros/include/gpd_ros/CloudSamples.h, /home/andrew/robotManipResearch/workspace/devel/include/gpd_ros/CloudSamples.h)
Linked: (/home/andrew/robotManipResearch/workspace/devel/.private/gpd_ros/include/gpd_ros/CloudSources.h, /home/andrew/robotManipResearch/workspace/devel/include/gpd_ros/CloudSources.h)
Linked: (/home/andrew/robotManipResearch/workspace/devel/.private/gpd_ros/include/gpd_ros/detect_grasps.h, /home/andrew/robotManipResearch/workspace/devel/include/gpd_ros/detect_grasps.h)
Linked: (/home/andrew/robotManipResearch/workspace/devel/.private/gpd_ros/include/gpd_ros/GraspConfigList.h, /home/andrew/robotManipResearch/workspace/devel/include/gpd_ros/GraspConfigList.h)
Linked: (/home/andrew/robotManipResearch/workspace/devel/.private/gpd_ros/include/gpd_ros/GraspConfig.h, /home/andrew/robotManipResearch/workspace/devel/include/gpd_ros/GraspConfig.h)
Linked: (/home/andrew/robotManipResearch/workspace/devel/.private/gpd_ros/include/gpd_ros/CloudIndexed.h, /home/andrew/robotManipResearch/workspace/devel/include/gpd_ros/CloudIndexed.h)
Linked: (/home/andrew/robotManipResearch/workspace/devel/.private/gpd_ros/include/gpd_ros/SamplesMsg.h, /home/andrew/robotManipResearch/workspace/devel/include/gpd_ros/SamplesMsg.h)
Linked: (/home/andrew/robotManipResearch/workspace/devel/.private/gpd_ros/include/gpd_ros/detect_graspsRequest.h, /home/andrew/robotManipResearch/workspace/devel/include/gpd_ros/detect_graspsRequest.h)
Linked: (/home/andrew/robotManipResearch/workspace/devel/.private/gpd_ros/lib/libgpd_ros_grasp_messages.so, /home/andrew/robotManipResearch/workspace/devel/lib/libgpd_ros_grasp_messages.so)
Linked: (/home/andrew/robotManipResearch/workspace/devel/.private/gpd_ros/lib/libgpd_ros_grasp_plotter.so, /home/andrew/robotManipResearch/workspace/devel/lib/libgpd_ros_grasp_plotter.so)
Linked: (/home/andrew/robotManipResearch/workspace/devel/.private/gpd_ros/lib/gpd_ros/detect_grasps, /home/andrew/robotManipResearch/workspace/devel/lib/gpd_ros/detect_grasps)
Linked: (/home/andrew/robotManipResearch/workspace/devel/.private/gpd_ros/lib/gpd_ros/detect_grasps_server, /home/andrew/robotManipResearch/workspace/devel/lib/gpd_ros/detect_grasps_server)
Linked: (/home/andrew/robotManipResearch/workspace/devel/.private/gpd_ros/lib/python3/dist-packages/gpd_ros/__init__.py, /home/andrew/robotManipResearch/workspace/devel/lib/python3/dist-packages/gpd_ros/__init__.py)
Linked: (/home/andrew/robotManipResearch/workspace/devel/.private/gpd_ros/lib/python3/dist-packages/gpd_ros/srv/_detect_grasps.py, /home/andrew/robotManipResearch/workspace/devel/lib/python3/dist-packages/gpd_ros/srv/_detect_grasps.py)
Linked: (/home/andrew/robotManipResearch/workspace/devel/.private/gpd_ros/lib/python3/dist-packages/gpd_ros/srv/__init__.py, /home/andrew/robotManipResearch/workspace/devel/lib/python3/dist-packages/gpd_ros/srv/__init__.py)
Linked: (/home/andrew/robotManipResearch/workspace/devel/.private/gpd_ros/lib/python3/dist-packages/gpd_ros/msg/_GraspConfig.py, /home/andrew/robotManipResearch/workspace/devel/lib/python3/dist-packages/gpd_ros/msg/_GraspConfig.py)
Linked: (/home/andrew/robotManipResearch/workspace/devel/.private/gpd_ros/lib/python3/dist-packages/gpd_ros/msg/_GraspConfigList.py, /home/andrew/robotManipResearch/workspace/devel/lib/python3/dist-packages/gpd_ros/msg/_GraspConfigList.py)
Linked: (/home/andrew/robotManipResearch/workspace/devel/.private/gpd_ros/lib/python3/dist-packages/gpd_ros/msg/_CloudIndexed.py, /home/andrew/robotManipResearch/workspace/devel/lib/python3/dist-packages/gpd_ros/msg/_CloudIndexed.py)
Linked: (/home/andrew/robotManipResearch/workspace/devel/.private/gpd_ros/lib/python3/dist-packages/gpd_ros/msg/_CloudSources.py, /home/andrew/robotManipResearch/workspace/devel/lib/python3/dist-packages/gpd_ros/msg/_CloudSources.py)
Linked: (/home/andrew/robotManipResearch/workspace/devel/.private/gpd_ros/lib/python3/dist-packages/gpd_ros/msg/_CloudSamples.py, /home/andrew/robotManipResearch/workspace/devel/lib/python3/dist-packages/gpd_ros/msg/_CloudSamples.py)
Linked: (/home/andrew/robotManipResearch/workspace/devel/.private/gpd_ros/lib/python3/dist-packages/gpd_ros/msg/_SamplesMsg.py, /home/andrew/robotManipResearch/workspace/devel/lib/python3/dist-packages/gpd_ros/msg/_SamplesMsg.py)
Linked: (/home/andrew/robotManipResearch/workspace/devel/.private/gpd_ros/lib/python3/dist-packages/gpd_ros/msg/__init__.py, /home/andrew/robotManipResearch/workspace/devel/lib/python3/dist-packages/gpd_ros/msg/__init__.py)
Linked: (/home/andrew/robotManipResearch/workspace/devel/.private/gpd_ros/lib/pkgconfig/gpd_ros.pc, /home/andrew/robotManipResearch/workspace/devel/lib/pkgconfig/gpd_ros.pc)
