[  4%] Built target gpd_ros_grasp_plotter
[  4%] Built target rosgraph_msgs_generate_messages_nodejs
[  4%] Built target std_msgs_generate_messages_eus
[  4%] Built target std_msgs_generate_messages_lisp
[  4%] Built target geometry_msgs_generate_messages_lisp
[  4%] Built target roscpp_generate_messages_nodejs
[  4%] Built target rosgraph_msgs_generate_messages_cpp
[  4%] Built target std_msgs_generate_messages_cpp
[  4%] Built target geometry_msgs_generate_messages_nodejs
[  4%] Built target geometry_msgs_generate_messages_cpp
[  4%] Built target rosgraph_msgs_generate_messages_py
[  4%] Built target roscpp_generate_messages_lisp
[  4%] Built target sensor_msgs_generate_messages_py
[  4%] Built target geometry_msgs_generate_messages_py
[  4%] Built target sensor_msgs_generate_messages_lisp
[  4%] Built target sensor_msgs_generate_messages_nodejs
[  4%] Built target geometry_msgs_generate_messages_eus
[  4%] Built target std_msgs_generate_messages_nodejs
[  4%] Built target sensor_msgs_generate_messages_cpp
[  4%] Built target std_msgs_generate_messages_py
[  4%] Built target roscpp_generate_messages_py
[  4%] Built target roscpp_generate_messages_eus
[  4%] Built target sensor_msgs_generate_messages_eus
[  4%] Built target roscpp_generate_messages_cpp
[  4%] Built target rosgraph_msgs_generate_messages_eus
[  4%] Built target rosgraph_msgs_generate_messages_lisp
[  4%] Built target _gpd_ros_generate_messages_check_deps_detect_grasps
[  4%] Built target _gpd_ros_generate_messages_check_deps_GraspConfigList
[  4%] Built target _gpd_ros_generate_messages_check_deps_SamplesMsg
[  4%] Built target _gpd_ros_generate_messages_check_deps_CloudSources
[  4%] Built target _gpd_ros_generate_messages_check_deps_CloudSamples
[  4%] Built target _gpd_ros_generate_messages_check_deps_CloudIndexed
[  8%] Built target gpd_ros_grasp_messages
[  8%] Built target _gpd_ros_generate_messages_check_deps_GraspConfig
[ 13%] Built target gpd_ros_detect_grasps_server
[ 17%] Built target gpd_ros_detect_grasps
[ 34%] Built target gpd_ros_generate_messages_eus
[ 54%] Built target gpd_ros_generate_messages_py
[ 69%] Built target gpd_ros_generate_messages_nodejs
[ 84%] Built target gpd_ros_generate_messages_lisp
[100%] Built target gpd_ros_generate_messages_cpp
[100%] Built target gpd_ros_generate_messages
