[  0%] Built target rosgraph_msgs_generate_messages_nodejs
[  2%] Built target std_msgs_generate_messages_lisp
[  2%] [32m[1mLinking CXX shared library /home/andrew/robotManipResearch/workspace/devel/.private/gpd_ros/lib/libgpd_ros_grasp_plotter.so[0m
[  2%] Built target std_msgs_generate_messages_eus
[  2%] Built target rosgraph_msgs_generate_messages_cpp
[  2%] Built target geometry_msgs_generate_messages_lisp
[  2%] Built target roscpp_generate_messages_nodejs
[  4%] Built target gpd_ros_grasp_plotter
[  4%] Built target std_msgs_generate_messages_cpp
[  4%] Built target geometry_msgs_generate_messages_nodejs
[  4%] Built target geometry_msgs_generate_messages_cpp
[  4%] Built target rosgraph_msgs_generate_messages_py
[  4%] Built target sensor_msgs_generate_messages_py
[  4%] Built target roscpp_generate_messages_lisp
[  4%] Built target geometry_msgs_generate_messages_py
[  4%] Built target sensor_msgs_generate_messages_lisp
[  4%] Built target sensor_msgs_generate_messages_nodejs
[  4%] Built target geometry_msgs_generate_messages_eus
[  4%] Built target std_msgs_generate_messages_nodejs
[  4%] Built target roscpp_generate_messages_eus
[  4%] Built target sensor_msgs_generate_messages_cpp
[  4%] Built target std_msgs_generate_messages_py
[  4%] Built target sensor_msgs_generate_messages_eus
[  4%] Built target roscpp_generate_messages_py
[  4%] Built target roscpp_generate_messages_cpp
[  4%] Built target rosgraph_msgs_generate_messages_eus
[  4%] Built target rosgraph_msgs_generate_messages_lisp
[  4%] Built target _gpd_ros_generate_messages_check_deps_detect_grasps
[  4%] Built target _gpd_ros_generate_messages_check_deps_SamplesMsg
[  4%] Built target _gpd_ros_generate_messages_check_deps_CloudSources
[  4%] Built target _gpd_ros_generate_messages_check_deps_GraspConfigList
[  4%] Built target _gpd_ros_generate_messages_check_deps_CloudSamples
[  6%] [32m[1mLinking CXX shared library /home/andrew/robotManipResearch/workspace/devel/.private/gpd_ros/lib/libgpd_ros_grasp_messages.so[0m
[  6%] Built target _gpd_ros_generate_messages_check_deps_CloudIndexed
[  6%] Built target _gpd_ros_generate_messages_check_deps_GraspConfig
[ 23%] Built target gpd_ros_generate_messages_eus
[ 39%] Built target gpd_ros_generate_messages_lisp
[ 54%] Built target gpd_ros_generate_messages_nodejs
[ 73%] Built target gpd_ros_generate_messages_py
[ 89%] Built target gpd_ros_generate_messages_cpp
[ 91%] Built target gpd_ros_grasp_messages
[ 91%] Built target gpd_ros_generate_messages
[ 93%] [32m[1mLinking CXX executable /home/andrew/robotManipResearch/workspace/devel/.private/gpd_ros/lib/gpd_ros/detect_grasps_server[0m
[ 95%] [32m[1mLinking CXX executable /home/andrew/robotManipResearch/workspace/devel/.private/gpd_ros/lib/gpd_ros/detect_grasps[0m
[ 97%] Built target gpd_ros_detect_grasps_server
[100%] Built target gpd_ros_detect_grasps
