[  0%] Built target std_msgs_generate_messages_lisp
[  0%] Built target rosgraph_msgs_generate_messages_nodejs
[  4%] Built target gpd_ros_grasp_plotter
[  4%] Built target std_msgs_generate_messages_eus
[  4%] Built target geometry_msgs_generate_messages_lisp
[  4%] Built target roscpp_generate_messages_nodejs
[  4%] Built target rosgraph_msgs_generate_messages_cpp
[  4%] Built target std_msgs_generate_messages_cpp
[  4%] Built target geometry_msgs_generate_messages_nodejs
[  4%] Built target rosgraph_msgs_generate_messages_py
[  4%] Built target geometry_msgs_generate_messages_cpp
[  4%] Built target roscpp_generate_messages_lisp
[  4%] Built target geometry_msgs_generate_messages_py
[  4%] Built target sensor_msgs_generate_messages_py
[  4%] Built target sensor_msgs_generate_messages_lisp
[  4%] Built target sensor_msgs_generate_messages_nodejs
[  4%] Built target std_msgs_generate_messages_nodejs
[  4%] Built target geometry_msgs_generate_messages_eus
[  4%] Built target std_msgs_generate_messages_py
[  4%] Built target sensor_msgs_generate_messages_cpp
[  4%] Built target roscpp_generate_messages_eus
[  4%] Built target roscpp_generate_messages_py
[  4%] Built target roscpp_generate_messages_cpp
[  4%] Built target sensor_msgs_generate_messages_eus
[  4%] Built target rosgraph_msgs_generate_messages_eus
[  4%] Built target rosgraph_msgs_generate_messages_lisp
[  4%] Built target _gpd_ros_generate_messages_check_deps_detect_grasps
[  4%] Built target _gpd_ros_generate_messages_check_deps_SamplesMsg
[  4%] Built target _gpd_ros_generate_messages_check_deps_GraspConfigList
[  4%] Built target _gpd_ros_generate_messages_check_deps_CloudSources
[  4%] Built target _gpd_ros_generate_messages_check_deps_CloudSamples
[  4%] Built target _gpd_ros_generate_messages_check_deps_CloudIndexed
[  4%] Built target _gpd_ros_generate_messages_check_deps_GraspConfig
[ 21%] Built target gpd_ros_generate_messages_eus
[ 26%] Built target gpd_ros_grasp_messages
[ 45%] Built target gpd_ros_generate_messages_py
[ 60%] Built target gpd_ros_generate_messages_nodejs
[ 76%] Built target gpd_ros_generate_messages_lisp
[ 91%] Built target gpd_ros_generate_messages_cpp
[ 95%] Built target gpd_ros_detect_grasps
[100%] Built target gpd_ros_detect_grasps_server
[100%] Built target gpd_ros_generate_messages
