Symlinking /home/pparekh/Documents/4998/robotManipResearch/workspace/devel/include/niryo_moveit/MoverServiceResponse.h
Symlinking /home/pparekh/Documents/4998/robotManipResearch/workspace/devel/include/niryo_moveit/MoverServiceRequest.h
Symlinking /home/pparekh/Documents/4998/robotManipResearch/workspace/devel/include/niryo_moveit/NiryoMoveitJoints.h
Symlinking /home/pparekh/Documents/4998/robotManipResearch/workspace/devel/include/niryo_moveit/NiryoTrajectory.h
Symlinking /home/pparekh/Documents/4998/robotManipResearch/workspace/devel/include/niryo_moveit/MoverService.h
Symlinking /home/pparekh/Documents/4998/robotManipResearch/workspace/devel/share/roseus/ros/niryo_moveit/manifest.l
Symlinking /home/pparekh/Documents/4998/robotManipResearch/workspace/devel/share/roseus/ros/niryo_moveit/srv/MoverService.l
Symlinking /home/pparekh/Documents/4998/robotManipResearch/workspace/devel/share/roseus/ros/niryo_moveit/msg/NiryoMoveitJoints.l
Symlinking /home/pparekh/Documents/4998/robotManipResearch/workspace/devel/share/roseus/ros/niryo_moveit/msg/NiryoTrajectory.l
Symlinking /home/pparekh/Documents/4998/robotManipResearch/workspace/devel/share/niryo_moveit/cmake/niryo_moveitConfig.cmake
Symlinking /home/pparekh/Documents/4998/robotManipResearch/workspace/devel/share/niryo_moveit/cmake/niryo_moveit-msg-paths.cmake
Symlinking /home/pparekh/Documents/4998/robotManipResearch/workspace/devel/share/niryo_moveit/cmake/niryo_moveit-msg-extras.cmake
Symlinking /home/pparekh/Documents/4998/robotManipResearch/workspace/devel/share/niryo_moveit/cmake/niryo_moveitConfig-version.cmake
Symlinking /home/pparekh/Documents/4998/robotManipResearch/workspace/devel/share/gennodejs/ros/niryo_moveit/_index.js
Symlinking /home/pparekh/Documents/4998/robotManipResearch/workspace/devel/share/gennodejs/ros/niryo_moveit/srv/_index.js
Symlinking /home/pparekh/Documents/4998/robotManipResearch/workspace/devel/share/gennodejs/ros/niryo_moveit/srv/MoverService.js
Symlinking /home/pparekh/Documents/4998/robotManipResearch/workspace/devel/share/gennodejs/ros/niryo_moveit/msg/_index.js
Symlinking /home/pparekh/Documents/4998/robotManipResearch/workspace/devel/share/gennodejs/ros/niryo_moveit/msg/NiryoMoveitJoints.js
Symlinking /home/pparekh/Documents/4998/robotManipResearch/workspace/devel/share/gennodejs/ros/niryo_moveit/msg/NiryoTrajectory.js
Symlinking /home/pparekh/Documents/4998/robotManipResearch/workspace/devel/share/common-lisp/ros/niryo_moveit/srv/_package.lisp
Symlinking /home/pparekh/Documents/4998/robotManipResearch/workspace/devel/share/common-lisp/ros/niryo_moveit/srv/_package_MoverService.lisp
Symlinking /home/pparekh/Documents/4998/robotManipResearch/workspace/devel/share/common-lisp/ros/niryo_moveit/srv/niryo_moveit-srv.asd
Symlinking /home/pparekh/Documents/4998/robotManipResearch/workspace/devel/share/common-lisp/ros/niryo_moveit/srv/MoverService.lisp
Symlinking /home/pparekh/Documents/4998/robotManipResearch/workspace/devel/share/common-lisp/ros/niryo_moveit/msg/_package_NiryoMoveitJoints.lisp
Symlinking /home/pparekh/Documents/4998/robotManipResearch/workspace/devel/share/common-lisp/ros/niryo_moveit/msg/niryo_moveit-msg.asd
Symlinking /home/pparekh/Documents/4998/robotManipResearch/workspace/devel/share/common-lisp/ros/niryo_moveit/msg/_package.lisp
Symlinking /home/pparekh/Documents/4998/robotManipResearch/workspace/devel/share/common-lisp/ros/niryo_moveit/msg/NiryoMoveitJoints.lisp
Symlinking /home/pparekh/Documents/4998/robotManipResearch/workspace/devel/share/common-lisp/ros/niryo_moveit/msg/NiryoTrajectory.lisp
Symlinking /home/pparekh/Documents/4998/robotManipResearch/workspace/devel/share/common-lisp/ros/niryo_moveit/msg/_package_NiryoTrajectory.lisp
Symlinking /home/pparekh/Documents/4998/robotManipResearch/workspace/devel/lib/niryo_moveit/sim_real_pnp.py
Symlinking /home/pparekh/Documents/4998/robotManipResearch/workspace/devel/lib/niryo_moveit/mover.py
Symlinking /home/pparekh/Documents/4998/robotManipResearch/workspace/devel/lib/niryo_moveit/cmake.lock
Symlinking /home/pparekh/Documents/4998/robotManipResearch/workspace/devel/lib/niryo_moveit/trajectory_subscriber.py
Symlinking /home/pparekh/Documents/4998/robotManipResearch/workspace/devel/lib/pkgconfig/niryo_moveit.pc
Symlinking /home/pparekh/Documents/4998/robotManipResearch/workspace/devel/lib/python3/dist-packages/niryo_moveit/__init__.py
Symlinking /home/pparekh/Documents/4998/robotManipResearch/workspace/devel/lib/python3/dist-packages/niryo_moveit/srv/__init__.py
Symlinking /home/pparekh/Documents/4998/robotManipResearch/workspace/devel/lib/python3/dist-packages/niryo_moveit/srv/_MoverService.py
Symlinking /home/pparekh/Documents/4998/robotManipResearch/workspace/devel/lib/python3/dist-packages/niryo_moveit/msg/__init__.py
Symlinking /home/pparekh/Documents/4998/robotManipResearch/workspace/devel/lib/python3/dist-packages/niryo_moveit/msg/_NiryoMoveitJoints.py
Symlinking /home/pparekh/Documents/4998/robotManipResearch/workspace/devel/lib/python3/dist-packages/niryo_moveit/msg/_NiryoTrajectory.py
